#
# There is insufficient memory for the Java Runtime Environment to continue.
# Native memory allocation (malloc) failed to allocate 429296 bytes for Chunk::new
# Possible reasons:
#   The system is out of physical RAM or swap space
#   The process is running with CompressedOops enabled, and the Java Heap may be blocking the growth of the native heap
# Possible solutions:
#   Reduce memory load on the system
#   Increase physical memory or swap space
#   Check if swap backing store is full
#   Decrease Java heap size (-Xmx/-Xms)
#   Decrease number of Java threads
#   Decrease Java thread stack sizes (-Xss)
#   Set larger code cache with -XX:ReservedCodeCacheSize=
#   JVM is running with Unscaled Compressed Oops mode in which the Java heap is
#     placed in the first 4GB address space. The Java Heap base address is the
#     maximum limit for the native heap growth. Please use -XX:HeapBaseMinAddress
#     to set the Java Heap base and to place the Java Heap above 4GB virtual address.
# This output file may be truncated or incomplete.
#
#  Out of Memory Error (./open/src/hotspot/share/memory/arena.cpp:197), pid=8380, tid=9940
#
# JRE version: Java(TM) SE Runtime Environment 18.9 (11.0.8+10) (build 11.0.8+10-LTS)
# Java VM: Java HotSpot(TM) 64-Bit Server VM 18.9 (11.0.8+10-LTS, mixed mode, tiered, compressed oops, g1 gc, windows-amd64)
# No core dump will be written. Minidumps are not enabled by default on client versions of Windows
#

---------------  S U M M A R Y ------------

Command Line: -Dfile.encoding=UTF-8 Forms.ViewProjects

Host: Intel(R) Core(TM) i7-5600U CPU @ 2.60GHz, 4 cores, 7G,  Windows 10 , 64 bit Build 19041 (10.0.19041.1023)
Time: Tue Jun 29 00:32:55 2021 E. Africa Standard Time elapsed time: 1 seconds (0d 0h 0m 1s)

---------------  T H R E A D  ---------------

Current thread (0x0000015bd3f35000):  JavaThread "C2 CompilerThread0" daemon [_thread_in_native, id=9940, stack(0x0000001866a00000,0x0000001866b00000)]


Current CompileTask:
C2:   1344 1101       4       java.lang.invoke.InvokerBytecodeGenerator::emitImplicitConversion (159 bytes)

Stack: [0x0000001866a00000,0x0000001866b00000]
Native frames: (J=compiled Java code, j=interpreted, Vv=VM code, C=native code)
V  [jvm.dll+0x601aea]
V  [jvm.dll+0x737fef]
V  [jvm.dll+0x739675]
V  [jvm.dll+0x739cf3]
V  [jvm.dll+0x242848]
V  [jvm.dll+0xb999c]
V  [jvm.dll+0xb9f2c]
V  [jvm.dll+0x3441a7]
V  [jvm.dll+0x193099]
V  [jvm.dll+0x1fc3f2]
V  [jvm.dll+0x1fb49f]
V  [jvm.dll+0x17e0fc]
V  [jvm.dll+0x20aaa4]
V  [jvm.dll+0x208b7b]
V  [jvm.dll+0x6ff90c]
V  [jvm.dll+0x6f845c]
V  [jvm.dll+0x600d66]
C  [ucrtbase.dll+0x21bb2]
C  [KERNEL32.DLL+0x17034]
C  [ntdll.dll+0x52651]


---------------  P R O C E S S  ---------------

Threads class SMR info:
_java_thread_list=0x0000015bd52294d0, length=17, elements={
0x0000015bd3f1c000, 0x0000015bd3f27800, 0x0000015bd48b2800, 0x0000015bd3f34800,
0x0000015bd3f35000, 0x0000015bd3f3c000, 0x0000015bd3f45800, 0x0000015bd49f9000,
0x0000015bd4a02000, 0x0000015bd4e30000, 0x0000015bd4e26000, 0x0000015bd4e2a800,
0x0000015bd5114000, 0x0000015bd50e1800, 0x0000015bb3b99800, 0x0000015bd4a00800,
0x0000015bd6cdf800
}

Java Threads: ( => current thread )
  0x0000015bd3f1c000 JavaThread "Reference Handler" daemon [_thread_blocked, id=13416, stack(0x0000001866600000,0x0000001866700000)]
  0x0000015bd3f27800 JavaThread "Finalizer" daemon [_thread_blocked, id=11228, stack(0x0000001866700000,0x0000001866800000)]
  0x0000015bd48b2800 JavaThread "Signal Dispatcher" daemon [_thread_blocked, id=11488, stack(0x0000001866800000,0x0000001866900000)]
  0x0000015bd3f34800 JavaThread "Attach Listener" daemon [_thread_blocked, id=11256, stack(0x0000001866900000,0x0000001866a00000)]
=>0x0000015bd3f35000 JavaThread "C2 CompilerThread0" daemon [_thread_in_native, id=9940, stack(0x0000001866a00000,0x0000001866b00000)]
  0x0000015bd3f3c000 JavaThread "C1 CompilerThread0" daemon [_thread_blocked, id=18124, stack(0x0000001866b00000,0x0000001866c00000)]
  0x0000015bd3f45800 JavaThread "Sweeper thread" daemon [_thread_blocked, id=5488, stack(0x0000001866c00000,0x0000001866d00000)]
  0x0000015bd49f9000 JavaThread "Service Thread" daemon [_thread_blocked, id=18396, stack(0x0000001866d00000,0x0000001866e00000)]
  0x0000015bd4a02000 JavaThread "Common-Cleaner" daemon [_thread_blocked, id=8792, stack(0x0000001866f00000,0x0000001867000000)]
  0x0000015bd4e30000 JavaThread "Java2D Disposer" daemon [_thread_blocked, id=11216, stack(0x0000001867000000,0x0000001867100000)]
  0x0000015bd4e26000 JavaThread "AWT-Shutdown" [_thread_blocked, id=11652, stack(0x0000001867100000,0x0000001867200000)]
  0x0000015bd4e2a800 JavaThread "AWT-Windows" daemon [_thread_in_native, id=13772, stack(0x0000001867200000,0x0000001867300000)]
  0x0000015bd5114000 JavaThread "C2 CompilerThread1" daemon [_thread_blocked, id=5740, stack(0x0000001867300000,0x0000001867400000)]
  0x0000015bd50e1800 JavaThread "AWT-EventQueue-0" [_thread_blocked, id=14800, stack(0x0000001867400000,0x0000001867500000)]
  0x0000015bb3b99800 JavaThread "DestroyJavaVM" [_thread_blocked, id=4580, stack(0x0000001865f00000,0x0000001866000000)]
  0x0000015bd4a00800 JavaThread "Image Fetcher 0" daemon [_thread_blocked, id=18056, stack(0x0000001867500000,0x0000001867600000)]
  0x0000015bd6cdf800 JavaThread "mysql-cj-abandoned-connection-cleanup" daemon [_thread_blocked, id=15404, stack(0x0000001867600000,0x0000001867700000)]

Other Threads:
  0x0000015bd3ef9800 VMThread "VM Thread" [stack: 0x0000001866500000,0x0000001866600000] [id=14252]
  0x0000015bd4a01800 WatcherThread [stack: 0x0000001866e00000,0x0000001866f00000] [id=6892]
  0x0000015bb3bb2000 GCTaskThread "GC Thread#0" [stack: 0x0000001866000000,0x0000001866100000] [id=984]
  0x0000015bd6eea000 GCTaskThread "GC Thread#1" [stack: 0x0000001867700000,0x0000001867800000] [id=14580]
  0x0000015bd4df6800 GCTaskThread "GC Thread#2" [stack: 0x0000001867800000,0x0000001867900000] [id=13208]
  0x0000015bd513b800 GCTaskThread "GC Thread#3" [stack: 0x0000001867900000,0x0000001867a00000] [id=10576]
  0x0000015bb3bdd000 ConcurrentGCThread "G1 Main Marker" [stack: 0x0000001866100000,0x0000001866200000] [id=11704]
  0x0000015bb3bdf000 ConcurrentGCThread "G1 Conc#0" [stack: 0x0000001866200000,0x0000001866300000] [id=11372]
  0x0000015bb3c70800 ConcurrentGCThread "G1 Refine#0" [stack: 0x0000001866300000,0x0000001866400000] [id=11600]
  0x0000015bd4b0b000 ConcurrentGCThread "G1 Refine#1" [stack: 0x0000001867a00000,0x0000001867b00000] [id=16272]
  0x0000015bb3c71800 ConcurrentGCThread "G1 Young RemSet Sampling" [stack: 0x0000001866400000,0x0000001866500000] [id=12212]

Threads with active compile tasks:
C2 CompilerThread0   1505 1101       4       java.lang.invoke.InvokerBytecodeGenerator::emitImplicitConversion (159 bytes)

VM state:at safepoint (normal execution)

VM Mutex/Monitor currently owned by a thread:  ([mutex/lock_event])
[0x0000015bb3b95e10] Threads_lock - owner thread: 0x0000015bd3ef9800
[0x0000015bb3b95870] Heap_lock - owner thread: 0x0000015bd50e1800

Heap address: 0x0000000081e00000, size: 2018 MB, Compressed Oops mode: 32-bit
Narrow klass base: 0x0000000000000000, Narrow klass shift: 3
Compressed class space size: 1073741824 Address: 0x0000000100000000

Heap:
 garbage-first heap   total 131072K, used 3831K [0x0000000081e00000, 0x0000000100000000)
  region size 1024K, 3 young (3072K), 3 survivors (3072K)
 Metaspace       used 20152K, capacity 20701K, committed 20736K, reserved 1075200K
  class space    used 2281K, capacity 2542K, committed 2560K, reserved 1048576K
Heap Regions: E=young(eden), S=young(survivor), O=old, HS=humongous(starts), HC=humongous(continues), CS=collection set, F=free, A=archive, TAMS=top-at-mark-start (previous, next)
|   0|0x0000000081e00000, 0x0000000081f00000, 0x0000000081f00000|100%| O|  |TAMS 0x0000000081e00000, 0x0000000081f00000| Untracked 
|   1|0x0000000081f00000, 0x0000000081f79800, 0x0000000082000000| 47%| O|  |TAMS 0x0000000081f00000, 0x0000000081f79800| Untracked 
|   2|0x0000000082000000, 0x0000000082000000, 0x0000000082100000|  0%| F|  |TAMS 0x0000000082000000, 0x0000000082000000| Untracked 
|   3|0x0000000082100000, 0x0000000082100000, 0x0000000082200000|  0%| F|  |TAMS 0x0000000082100000, 0x0000000082100000| Untracked 
|   4|0x0000000082200000, 0x0000000082200000, 0x0000000082300000|  0%| F|  |TAMS 0x0000000082200000, 0x0000000082200000| Untracked 
|   5|0x0000000082300000, 0x0000000082300000, 0x0000000082400000|  0%| F|  |TAMS 0x0000000082300000, 0x0000000082300000| Untracked 
|   6|0x0000000082400000, 0x0000000082400000, 0x0000000082500000|  0%| F|  |TAMS 0x0000000082400000, 0x0000000082400000| Untracked 
|   7|0x0000000082500000, 0x0000000082500000, 0x0000000082600000|  0%| F|  |TAMS 0x0000000082500000, 0x0000000082500000| Untracked 
|   8|0x0000000082600000, 0x0000000082600000, 0x0000000082700000|  0%| F|  |TAMS 0x0000000082600000, 0x0000000082600000| Untracked 
|   9|0x0000000082700000, 0x0000000082700000, 0x0000000082800000|  0%| F|  |TAMS 0x0000000082700000, 0x0000000082700000| Untracked 
|  10|0x0000000082800000, 0x0000000082800000, 0x0000000082900000|  0%| F|  |TAMS 0x0000000082800000, 0x0000000082800000| Untracked 
|  11|0x0000000082900000, 0x0000000082900000, 0x0000000082a00000|  0%| F|  |TAMS 0x0000000082900000, 0x0000000082900000| Untracked 
|  12|0x0000000082a00000, 0x0000000082a00000, 0x0000000082b00000|  0%| F|  |TAMS 0x0000000082a00000, 0x0000000082a00000| Untracked 
|  13|0x0000000082b00000, 0x0000000082b00000, 0x0000000082c00000|  0%| F|  |TAMS 0x0000000082b00000, 0x0000000082b00000| Untracked 
|  14|0x0000000082c00000, 0x0000000082c00000, 0x0000000082d00000|  0%| F|  |TAMS 0x0000000082c00000, 0x0000000082c00000| Untracked 
|  15|0x0000000082d00000, 0x0000000082d00000, 0x0000000082e00000|  0%| F|  |TAMS 0x0000000082d00000, 0x0000000082d00000| Untracked 
|  16|0x0000000082e00000, 0x0000000082e00000, 0x0000000082f00000|  0%| F|  |TAMS 0x0000000082e00000, 0x0000000082e00000| Untracked 
|  17|0x0000000082f00000, 0x0000000082f00000, 0x0000000083000000|  0%| F|  |TAMS 0x0000000082f00000, 0x0000000082f00000| Untracked 
|  18|0x0000000083000000, 0x0000000083000000, 0x0000000083100000|  0%| F|  |TAMS 0x0000000083000000, 0x0000000083000000| Untracked 
|  19|0x0000000083100000, 0x0000000083100000, 0x0000000083200000|  0%| F|  |TAMS 0x0000000083100000, 0x0000000083100000| Untracked 
|  20|0x0000000083200000, 0x0000000083200000, 0x0000000083300000|  0%| F|  |TAMS 0x0000000083200000, 0x0000000083200000| Untracked 
|  21|0x0000000083300000, 0x0000000083300000, 0x0000000083400000|  0%| F|  |TAMS 0x0000000083300000, 0x0000000083300000| Untracked 
|  22|0x0000000083400000, 0x0000000083400000, 0x0000000083500000|  0%| F|  |TAMS 0x0000000083400000, 0x0000000083400000| Untracked 
|  23|0x0000000083500000, 0x0000000083500000, 0x0000000083600000|  0%| F|  |TAMS 0x0000000083500000, 0x0000000083500000| Untracked 
|  24|0x0000000083600000, 0x0000000083600000, 0x0000000083700000|  0%| F|  |TAMS 0x0000000083600000, 0x0000000083600000| Untracked 
|  25|0x0000000083700000, 0x0000000083700000, 0x0000000083800000|  0%| F|  |TAMS 0x0000000083700000, 0x0000000083700000| Untracked 
|  26|0x0000000083800000, 0x0000000083800000, 0x0000000083900000|  0%| F|  |TAMS 0x0000000083800000, 0x0000000083800000| Untracked 
|  27|0x0000000083900000, 0x0000000083900000, 0x0000000083a00000|  0%| F|  |TAMS 0x0000000083900000, 0x0000000083900000| Untracked 
|  28|0x0000000083a00000, 0x0000000083a00000, 0x0000000083b00000|  0%| F|  |TAMS 0x0000000083a00000, 0x0000000083a00000| Untracked 
|  29|0x0000000083b00000, 0x0000000083b00000, 0x0000000083c00000|  0%| F|  |TAMS 0x0000000083b00000, 0x0000000083b00000| Untracked 
|  30|0x0000000083c00000, 0x0000000083c00000, 0x0000000083d00000|  0%| F|  |TAMS 0x0000000083c00000, 0x0000000083c00000| Untracked 
|  31|0x0000000083d00000, 0x0000000083d00000, 0x0000000083e00000|  0%| F|  |TAMS 0x0000000083d00000, 0x0000000083d00000| Untracked 
|  32|0x0000000083e00000, 0x0000000083e00000, 0x0000000083f00000|  0%| F|  |TAMS 0x0000000083e00000, 0x0000000083e00000| Untracked 
|  33|0x0000000083f00000, 0x0000000083f00000, 0x0000000084000000|  0%| F|  |TAMS 0x0000000083f00000, 0x0000000083f00000| Untracked 
|  34|0x0000000084000000, 0x0000000084000000, 0x0000000084100000|  0%| F|  |TAMS 0x0000000084000000, 0x0000000084000000| Untracked 
|  35|0x0000000084100000, 0x0000000084100000, 0x0000000084200000|  0%| F|  |TAMS 0x0000000084100000, 0x0000000084100000| Untracked 
|  36|0x0000000084200000, 0x0000000084200000, 0x0000000084300000|  0%| F|  |TAMS 0x0000000084200000, 0x0000000084200000| Untracked 
|  37|0x0000000084300000, 0x0000000084300000, 0x0000000084400000|  0%| F|  |TAMS 0x0000000084300000, 0x0000000084300000| Untracked 
|  38|0x0000000084400000, 0x0000000084400000, 0x0000000084500000|  0%| F|  |TAMS 0x0000000084400000, 0x0000000084400000| Untracked 
|  39|0x0000000084500000, 0x0000000084500000, 0x0000000084600000|  0%| F|  |TAMS 0x0000000084500000, 0x0000000084500000| Untracked 
|  40|0x0000000084600000, 0x0000000084600000, 0x0000000084700000|  0%| F|  |TAMS 0x0000000084600000, 0x0000000084600000| Untracked 
|  41|0x0000000084700000, 0x0000000084700000, 0x0000000084800000|  0%| F|  |TAMS 0x0000000084700000, 0x0000000084700000| Untracked 
|  42|0x0000000084800000, 0x0000000084800000, 0x0000000084900000|  0%| F|  |TAMS 0x0000000084800000, 0x0000000084800000| Untracked 
|  43|0x0000000084900000, 0x0000000084900000, 0x0000000084a00000|  0%| F|  |TAMS 0x0000000084900000, 0x0000000084900000| Untracked 
|  44|0x0000000084a00000, 0x0000000084a00000, 0x0000000084b00000|  0%| F|  |TAMS 0x0000000084a00000, 0x0000000084a00000| Untracked 
|  45|0x0000000084b00000, 0x0000000084b00000, 0x0000000084c00000|  0%| F|  |TAMS 0x0000000084b00000, 0x0000000084b00000| Untracked 
|  46|0x0000000084c00000, 0x0000000084c00000, 0x0000000084d00000|  0%| F|  |TAMS 0x0000000084c00000, 0x0000000084c00000| Untracked 
|  47|0x0000000084d00000, 0x0000000084d00000, 0x0000000084e00000|  0%| F|  |TAMS 0x0000000084d00000, 0x0000000084d00000| Untracked 
|  48|0x0000000084e00000, 0x0000000084e00000, 0x0000000084f00000|  0%| F|  |TAMS 0x0000000084e00000, 0x0000000084e00000| Untracked 
|  49|0x0000000084f00000, 0x0000000084f00000, 0x0000000085000000|  0%| F|  |TAMS 0x0000000084f00000, 0x0000000084f00000| Untracked 
|  50|0x0000000085000000, 0x0000000085000000, 0x0000000085100000|  0%| F|  |TAMS 0x0000000085000000, 0x0000000085000000| Untracked 
|  51|0x0000000085100000, 0x0000000085100000, 0x0000000085200000|  0%| F|  |TAMS 0x0000000085100000, 0x0000000085100000| Untracked 
|  52|0x0000000085200000, 0x0000000085200000, 0x0000000085300000|  0%| F|  |TAMS 0x0000000085200000, 0x0000000085200000| Untracked 
|  53|0x0000000085300000, 0x0000000085300000, 0x0000000085400000|  0%| F|  |TAMS 0x0000000085300000, 0x0000000085300000| Untracked 
|  54|0x0000000085400000, 0x0000000085400000, 0x0000000085500000|  0%| F|  |TAMS 0x0000000085400000, 0x0000000085400000| Untracked 
|  55|0x0000000085500000, 0x0000000085500000, 0x0000000085600000|  0%| F|  |TAMS 0x0000000085500000, 0x0000000085500000| Untracked 
|  56|0x0000000085600000, 0x0000000085600000, 0x0000000085700000|  0%| F|  |TAMS 0x0000000085600000, 0x0000000085600000| Untracked 
|  57|0x0000000085700000, 0x0000000085700000, 0x0000000085800000|  0%| F|  |TAMS 0x0000000085700000, 0x0000000085700000| Untracked 
|  58|0x0000000085800000, 0x0000000085800000, 0x0000000085900000|  0%| F|  |TAMS 0x0000000085800000, 0x0000000085800000| Untracked 
|  59|0x0000000085900000, 0x0000000085900000, 0x0000000085a00000|  0%| F|  |TAMS 0x0000000085900000, 0x0000000085900000| Untracked 
|  60|0x0000000085a00000, 0x0000000085a00000, 0x0000000085b00000|  0%| F|  |TAMS 0x0000000085a00000, 0x0000000085a00000| Untracked 
|  61|0x0000000085b00000, 0x0000000085b00000, 0x0000000085c00000|  0%| F|  |TAMS 0x0000000085b00000, 0x0000000085b00000| Untracked 
|  62|0x0000000085c00000, 0x0000000085c00000, 0x0000000085d00000|  0%| F|  |TAMS 0x0000000085c00000, 0x0000000085c00000| Untracked 
|  63|0x0000000085d00000, 0x0000000085d00000, 0x0000000085e00000|  0%| F|  |TAMS 0x0000000085d00000, 0x0000000085d00000| Untracked 
|  64|0x0000000085e00000, 0x0000000085e00000, 0x0000000085f00000|  0%| F|  |TAMS 0x0000000085e00000, 0x0000000085e00000| Untracked 
|  65|0x0000000085f00000, 0x0000000085f00000, 0x0000000086000000|  0%| F|  |TAMS 0x0000000085f00000, 0x0000000085f00000| Untracked 
|  66|0x0000000086000000, 0x0000000086000000, 0x0000000086100000|  0%| F|  |TAMS 0x0000000086000000, 0x0000000086000000| Untracked 
|  67|0x0000000086100000, 0x0000000086100000, 0x0000000086200000|  0%| F|  |TAMS 0x0000000086100000, 0x0000000086100000| Untracked 
|  68|0x0000000086200000, 0x0000000086200000, 0x0000000086300000|  0%| F|  |TAMS 0x0000000086200000, 0x0000000086200000| Untracked 
|  69|0x0000000086300000, 0x0000000086300000, 0x0000000086400000|  0%| F|  |TAMS 0x0000000086300000, 0x0000000086300000| Untracked 
|  70|0x0000000086400000, 0x0000000086400000, 0x0000000086500000|  0%| F|  |TAMS 0x0000000086400000, 0x0000000086400000| Untracked 
|  71|0x0000000086500000, 0x0000000086500000, 0x0000000086600000|  0%| F|  |TAMS 0x0000000086500000, 0x0000000086500000| Untracked 
|  72|0x0000000086600000, 0x0000000086600000, 0x0000000086700000|  0%| F|  |TAMS 0x0000000086600000, 0x0000000086600000| Untracked 
|  73|0x0000000086700000, 0x0000000086700000, 0x0000000086800000|  0%| F|  |TAMS 0x0000000086700000, 0x0000000086700000| Untracked 
|  74|0x0000000086800000, 0x0000000086800000, 0x0000000086900000|  0%| F|  |TAMS 0x0000000086800000, 0x0000000086800000| Untracked 
|  75|0x0000000086900000, 0x0000000086900000, 0x0000000086a00000|  0%| F|  |TAMS 0x0000000086900000, 0x0000000086900000| Untracked 
|  76|0x0000000086a00000, 0x0000000086a00000, 0x0000000086b00000|  0%| F|  |TAMS 0x0000000086a00000, 0x0000000086a00000| Untracked 
|  77|0x0000000086b00000, 0x0000000086b00000, 0x0000000086c00000|  0%| F|  |TAMS 0x0000000086b00000, 0x0000000086b00000| Untracked 
|  78|0x0000000086c00000, 0x0000000086c00000, 0x0000000086d00000|  0%| F|  |TAMS 0x0000000086c00000, 0x0000000086c00000| Untracked 
|  79|0x0000000086d00000, 0x0000000086d00000, 0x0000000086e00000|  0%| F|  |TAMS 0x0000000086d00000, 0x0000000086d00000| Untracked 
|  80|0x0000000086e00000, 0x0000000086e00000, 0x0000000086f00000|  0%| F|  |TAMS 0x0000000086e00000, 0x0000000086e00000| Untracked 
|  81|0x0000000086f00000, 0x0000000086f00000, 0x0000000087000000|  0%| F|  |TAMS 0x0000000086f00000, 0x0000000086f00000| Untracked 
|  82|0x0000000087000000, 0x0000000087000000, 0x0000000087100000|  0%| F|  |TAMS 0x0000000087000000, 0x0000000087000000| Untracked 
|  83|0x0000000087100000, 0x0000000087100000, 0x0000000087200000|  0%| F|  |TAMS 0x0000000087100000, 0x0000000087100000| Untracked 
|  84|0x0000000087200000, 0x0000000087200000, 0x0000000087300000|  0%| F|  |TAMS 0x0000000087200000, 0x0000000087200000| Untracked 
|  85|0x0000000087300000, 0x0000000087300000, 0x0000000087400000|  0%| F|  |TAMS 0x0000000087300000, 0x0000000087300000| Untracked 
|  86|0x0000000087400000, 0x0000000087400000, 0x0000000087500000|  0%| F|  |TAMS 0x0000000087400000, 0x0000000087400000| Untracked 
|  87|0x0000000087500000, 0x0000000087500000, 0x0000000087600000|  0%| F|  |TAMS 0x0000000087500000, 0x0000000087500000| Untracked 
|  88|0x0000000087600000, 0x0000000087600000, 0x0000000087700000|  0%| F|  |TAMS 0x0000000087600000, 0x0000000087600000| Untracked 
|  89|0x0000000087700000, 0x0000000087700000, 0x0000000087800000|  0%| F|  |TAMS 0x0000000087700000, 0x0000000087700000| Untracked 
|  90|0x0000000087800000, 0x0000000087800000, 0x0000000087900000|  0%| F|  |TAMS 0x0000000087800000, 0x0000000087800000| Untracked 
|  91|0x0000000087900000, 0x0000000087900000, 0x0000000087a00000|  0%| F|  |TAMS 0x0000000087900000, 0x0000000087900000| Untracked 
|  92|0x0000000087a00000, 0x0000000087a00000, 0x0000000087b00000|  0%| F|  |TAMS 0x0000000087a00000, 0x0000000087a00000| Untracked 
|  93|0x0000000087b00000, 0x0000000087b00000, 0x0000000087c00000|  0%| F|  |TAMS 0x0000000087b00000, 0x0000000087b00000| Untracked 
|  94|0x0000000087c00000, 0x0000000087c00000, 0x0000000087d00000|  0%| F|  |TAMS 0x0000000087c00000, 0x0000000087c00000| Untracked 
|  95|0x0000000087d00000, 0x0000000087d00000, 0x0000000087e00000|  0%| F|  |TAMS 0x0000000087d00000, 0x0000000087d00000| Untracked 
|  96|0x0000000087e00000, 0x0000000087e00000, 0x0000000087f00000|  0%| F|  |TAMS 0x0000000087e00000, 0x0000000087e00000| Untracked 
|  97|0x0000000087f00000, 0x0000000087f00000, 0x0000000088000000|  0%| F|  |TAMS 0x0000000087f00000, 0x0000000087f00000| Untracked 
|  98|0x0000000088000000, 0x0000000088000000, 0x0000000088100000|  0%| F|  |TAMS 0x0000000088000000, 0x0000000088000000| Untracked 
|  99|0x0000000088100000, 0x0000000088100000, 0x0000000088200000|  0%| F|  |TAMS 0x0000000088100000, 0x0000000088100000| Untracked 
| 100|0x0000000088200000, 0x0000000088200000, 0x0000000088300000|  0%| F|  |TAMS 0x0000000088200000, 0x0000000088200000| Untracked 
| 101|0x0000000088300000, 0x0000000088300000, 0x0000000088400000|  0%| F|  |TAMS 0x0000000088300000, 0x0000000088300000| Untracked 
| 102|0x0000000088400000, 0x0000000088400000, 0x0000000088500000|  0%| F|  |TAMS 0x0000000088400000, 0x0000000088400000| Untracked 
| 103|0x0000000088500000, 0x0000000088500000, 0x0000000088600000|  0%| F|  |TAMS 0x0000000088500000, 0x0000000088500000| Untracked 
| 104|0x0000000088600000, 0x0000000088600000, 0x0000000088700000|  0%| F|  |TAMS 0x0000000088600000, 0x0000000088600000| Untracked 
| 105|0x0000000088700000, 0x0000000088700000, 0x0000000088800000|  0%| F|  |TAMS 0x0000000088700000, 0x0000000088700000| Untracked 
| 106|0x0000000088800000, 0x0000000088800000, 0x0000000088900000|  0%| F|  |TAMS 0x0000000088800000, 0x0000000088800000| Untracked 
| 107|0x0000000088900000, 0x0000000088900000, 0x0000000088a00000|  0%| F|  |TAMS 0x0000000088900000, 0x0000000088900000| Untracked 
| 108|0x0000000088a00000, 0x0000000088a00000, 0x0000000088b00000|  0%| F|  |TAMS 0x0000000088a00000, 0x0000000088a00000| Untracked 
| 109|0x0000000088b00000, 0x0000000088b00000, 0x0000000088c00000|  0%| F|  |TAMS 0x0000000088b00000, 0x0000000088b00000| Untracked 
| 110|0x0000000088c00000, 0x0000000088c00000, 0x0000000088d00000|  0%| F|  |TAMS 0x0000000088c00000, 0x0000000088c00000| Untracked 
| 111|0x0000000088d00000, 0x0000000088d00000, 0x0000000088e00000|  0%| F|  |TAMS 0x0000000088d00000, 0x0000000088d00000| Untracked 
| 112|0x0000000088e00000, 0x0000000088e00000, 0x0000000088f00000|  0%| F|  |TAMS 0x0000000088e00000, 0x0000000088e00000| Untracked 
| 113|0x0000000088f00000, 0x0000000088f00000, 0x0000000089000000|  0%| F|  |TAMS 0x0000000088f00000, 0x0000000088f00000| Untracked 
| 114|0x0000000089000000, 0x0000000089000000, 0x0000000089100000|  0%| F|  |TAMS 0x0000000089000000, 0x0000000089000000| Untracked 
| 115|0x0000000089100000, 0x0000000089100000, 0x0000000089200000|  0%| F|  |TAMS 0x0000000089100000, 0x0000000089100000| Untracked 
| 116|0x0000000089200000, 0x0000000089200000, 0x0000000089300000|  0%| F|  |TAMS 0x0000000089200000, 0x0000000089200000| Untracked 
| 117|0x0000000089300000, 0x0000000089300000, 0x0000000089400000|  0%| F|  |TAMS 0x0000000089300000, 0x0000000089300000| Untracked 
| 118|0x0000000089400000, 0x0000000089400000, 0x0000000089500000|  0%| F|  |TAMS 0x0000000089400000, 0x0000000089400000| Untracked 
| 119|0x0000000089500000, 0x0000000089500000, 0x0000000089600000|  0%| F|  |TAMS 0x0000000089500000, 0x0000000089500000| Untracked 
| 120|0x0000000089600000, 0x0000000089600000, 0x0000000089700000|  0%| F|  |TAMS 0x0000000089600000, 0x0000000089600000| Untracked 
| 121|0x0000000089700000, 0x0000000089700000, 0x0000000089800000|  0%| F|  |TAMS 0x0000000089700000, 0x0000000089700000| Untracked 
| 122|0x0000000089800000, 0x0000000089844580, 0x0000000089900000| 26%| S|CS|TAMS 0x0000000089800000, 0x0000000089800000| Complete 
| 123|0x0000000089900000, 0x0000000089a00000, 0x0000000089a00000|100%| S|CS|TAMS 0x0000000089900000, 0x0000000089900000| Complete 
| 124|0x0000000089a00000, 0x0000000089b00000, 0x0000000089b00000|100%| S|CS|TAMS 0x0000000089a00000, 0x0000000089a00000| Complete 
| 125|0x0000000089b00000, 0x0000000089b00000, 0x0000000089c00000|  0%| F|  |TAMS 0x0000000089b00000, 0x0000000089b00000| Untracked 
| 126|0x0000000089c00000, 0x0000000089c00000, 0x0000000089d00000|  0%| F|  |TAMS 0x0000000089c00000, 0x0000000089c00000| Untracked 
| 127|0x0000000089d00000, 0x0000000089d00000, 0x0000000089e00000|  0%| F|  |TAMS 0x0000000089d00000, 0x0000000089d00000| Untracked 

Card table byte_map: [0x0000015bcd1c0000,0x0000015bcd5c0000] _byte_map_base: 0x0000015bccdb1000

Marking Bits (Prev, Next): (CMBitMap*) 0x0000015bb3bd4558, (CMBitMap*) 0x0000015bb3bd4590
 Prev Bits: [0x0000015bcd9c0000, 0x0000015bcf948000)
 Next Bits: [0x0000015bcf950000, 0x0000015bd18d8000)

Polling page: 0x0000015bb3a30000

Metaspace:

Usage:
  Non-class:     17.73 MB capacity,    17.45 MB ( 98%) used,   234.99 KB (  1%) free+waste,    53.06 KB ( <1%) overhead. 
      Class:      2.48 MB capacity,     2.23 MB ( 90%) used,   232.93 KB (  9%) free+waste,    27.81 KB (  1%) overhead. 
       Both:     20.22 MB capacity,    19.68 MB ( 97%) used,   467.92 KB (  2%) free+waste,    80.88 KB ( <1%) overhead. 

Virtual space:
  Non-class space:       26.00 MB reserved,      17.75 MB ( 68%) committed 
      Class space:        1.00 GB reserved,       2.50 MB ( <1%) committed 
             Both:        1.03 GB reserved,      20.25 MB (  2%) committed 

Chunk freelists:
   Non-Class:  2.13 KB
       Class:  2.25 KB
        Both:  4.38 KB

CodeHeap 'non-profiled nmethods': size=120064Kb used=430Kb max_used=430Kb free=119633Kb
 bounds [0x0000015bc5250000, 0x0000015bc54c0000, 0x0000015bcc790000]
CodeHeap 'profiled nmethods': size=120000Kb used=2573Kb max_used=2573Kb free=117426Kb
 bounds [0x0000015bbdd20000, 0x0000015bbdfb0000, 0x0000015bc5250000]
CodeHeap 'non-nmethods': size=5696Kb used=1236Kb max_used=1246Kb free=4459Kb
 bounds [0x0000015bbd790000, 0x0000015bbda00000, 0x0000015bbdd20000]
 total_blobs=1912 nmethods=1292 adapters=532
 compilation: enabled
              stopped_count=0, restarted_count=0
 full_count=0

Compilation events (10 events):
Event: 1.306 Thread 0x0000015bd3f3c000 1185  s    3       jdk.internal.jimage.BasicImageReader::findLocation (115 bytes)
Event: 1.307 Thread 0x0000015bd3f3c000 nmethod 1185 0x0000015bbdf74d10 code [0x0000015bbdf75040, 0x0000015bbdf76220]
Event: 1.307 Thread 0x0000015bd3f3c000 1186       3       jdk.internal.jimage.ImageStringsReader::hashCode (8 bytes)
Event: 1.307 Thread 0x0000015bd3f3c000 nmethod 1186 0x0000015bbdf76810 code [0x0000015bbdf769e0, 0x0000015bbdf76c60]
Event: 1.308 Thread 0x0000015bd3f3c000 1188       3       java.util.Properties::getProperty (50 bytes)
Event: 1.308 Thread 0x0000015bd3f3c000 nmethod 1188 0x0000015bbdf76d90 code [0x0000015bbdf76f80, 0x0000015bbdf77460]
Event: 1.313 Thread 0x0000015bd5114000 nmethod 1165 0x0000015bc52ae290 code [0x0000015bc52ae4c0, 0x0000015bc52af660]
Event: 1.313 Thread 0x0000015bd5114000 1177       4       java.util.HashMap::hash (20 bytes)
Event: 1.314 Thread 0x0000015bd5114000 nmethod 1177 0x0000015bc52b0090 code [0x0000015bc52b0220, 0x0000015bc52b02d8]
Event: 1.314 Thread 0x0000015bd5114000 1169 %     4       java.util.Properties$LineReader::readLine @ 53 (584 bytes)

GC Heap History (0 events):
No events

Deoptimization events (9 events):
Event: 0.148 Thread 0x0000015bb3b99800 Uncommon trap: reason=unstable_if action=reinterpret pc=0x0000015bc52544fc method=java.lang.String.hashCode()I @ 14 c2
Event: 0.805 Thread 0x0000015bb3b99800 Uncommon trap: reason=unstable_if action=reinterpret pc=0x0000015bc5284514 method=java.lang.StringLatin1.replace([BCC)Ljava/lang/String; @ 19 c2
Event: 0.923 Thread 0x0000015bd50e1800 Uncommon trap: reason=unstable_if action=reinterpret pc=0x0000015bc52838ac method=java.util.HashMap.hash(Ljava/lang/Object;)I @ 1 c2
Event: 0.963 Thread 0x0000015bd50e1800 Uncommon trap: reason=unstable_if action=reinterpret pc=0x0000015bc528d89c method=java.util.HashMap.putVal(ILjava/lang/Object;Ljava/lang/Object;ZZ)Ljava/lang/Object; @ 109 c2
Event: 0.993 Thread 0x0000015bd50e1800 Uncommon trap: reason=unstable_if action=reinterpret pc=0x0000015bc528b830 method=java.util.HashMap.putVal(ILjava/lang/Object;Ljava/lang/Object;ZZ)Ljava/lang/Object; @ 109 c2
Event: 1.125 Thread 0x0000015bd50e1800 Uncommon trap: reason=unstable_if action=reinterpret pc=0x0000015bc529fe54 method=java.lang.StringLatin1.toLowerCase(Ljava/lang/String;[BLjava/util/Locale;)Ljava/lang/String; @ 40 c2
Event: 1.184 Thread 0x0000015bd50e1800 Uncommon trap: reason=unstable_if action=reinterpret pc=0x0000015bc5280ab0 method=jdk.internal.org.objectweb.asm.Frame.execute(IILjdk/internal/org/objectweb/asm/ClassWriter;Ljdk/internal/org/objectweb/asm/Item;)V @ 1 c2
Event: 1.196 Thread 0x0000015bd50e1800 Uncommon trap: reason=intrinsic_or_type_checked_inlining action=make_not_entrant pc=0x0000015bc52a7e78 method=java.util.Arrays.copyOf([Ljava/lang/Object;ILjava/lang/Class;)[Ljava/lang/Object; @ 35 c2
Event: 1.215 Thread 0x0000015bd50e1800 Uncommon trap: reason=unstable_if action=reinterpret pc=0x0000015bc5275114 method=jdk.internal.org.objectweb.asm.Type.getArgumentsAndReturnSizes(Ljava/lang/String;)I @ 88 c2

Classes redefined (0 events):
No events

Internal exceptions (10 events):
Event: 0.759 Thread 0x0000015bb3b99800 Exception <a 'java/lang/ClassNotFoundException'{0x0000000089625a08}: com/sun/swing/internal/plaf/basic/resources/spi/basicProvider> (0x0000000089625a08) thrown at [./open/src/hotspot/share/classfile/systemDictionary.cpp, line 228]
Event: 0.769 Thread 0x0000015bb3b99800 Exception <a 'java/lang/NoSuchMethodError'{0x0000000089661e48}: java.lang.invoke.DirectMethodHandle$Holder.invokeStatic(Ljava/lang/Object;Ljava/lang/Object;Ljava/lang/Object;Ljava/lang/Object;Ljava/lang/Object;Ljava/lang/Object;Ljava/lang/Object;Ljava/lan
Event: 0.773 Thread 0x0000015bb3b99800 Exception <a 'java/lang/NoSuchMethodError'{0x000000008967fd40}: java.lang.invoke.DirectMethodHandle$Holder.invokeStatic(Ljava/lang/Object;Ljava/lang/Object;Ljava/lang/Object;Ljava/lang/Object;Ljava/lang/Object;Ljava/lang/Object;Ljava/lang/Object;Ljava/lan
Event: 0.776 Thread 0x0000015bb3b99800 Exception <a 'java/lang/NoSuchMethodError'{0x000000008969ed20}: java.lang.invoke.DirectMethodHandle$Holder.invokeStatic(Ljava/lang/Object;Ljava/lang/Object;Ljava/lang/Object;Ljava/lang/Object;Ljava/lang/Object;Ljava/lang/Object;Ljava/lang/Object;Ljava/lan
Event: 0.791 Thread 0x0000015bb3b99800 Exception <a 'java/lang/NoSuchMethodError'{0x00000000896bf130}: java.lang.invoke.DirectMethodHandle$Holder.invokeStatic(Ljava/lang/Object;Ljava/lang/Object;Ljava/lang/Object;Ljava/lang/Object;Ljava/lang/Object;Ljava/lang/Object;Ljava/lang/Object;Ljava/lan
Event: 0.824 Thread 0x0000015bd50e1800 Exception <a 'java/lang/ClassNotFoundException'{0x0000000089556790}: com/sun/swing/internal/plaf/synth/resources/spi/synthProvider> (0x0000000089556790) thrown at [./open/src/hotspot/share/classfile/systemDictionary.cpp, line 228]
Event: 0.923 Thread 0x0000015bd50e1800 Implicit null exception at 0x0000015bc528382f to 0x0000015bc528389d
Event: 1.067 Thread 0x0000015bd50e1800 Exception <a 'java/lang/NoSuchMethodError'{0x00000000893126a0}: java.lang.invoke.DirectMethodHandle$Holder.invokeStaticInit(Ljava/lang/Object;)V> (0x00000000893126a0) thrown at [./open/src/hotspot/share/interpreter/linkResolver.cpp, line 772]
Event: 1.074 Thread 0x0000015bd50e1800 Exception <a 'java/lang/NoSuchMethodError'{0x0000000089361030}: java.lang.invoke.Invokers$Holder.linkToTargetMethod(Ljava/lang/Object;ILjava/lang/Object;)Ljava/lang/Object;> (0x0000000089361030) thrown at [./open/src/hotspot/share/interpreter/linkResolver
Event: 1.218 Thread 0x0000015bd50e1800 Exception <a 'java/lang/NoSuchMethodError'{0x000000008910bfe0}: java.lang.invoke.DirectMethodHandle$Holder.invokeSpecialIFC(Ljava/lang/Object;Ljava/lang/Object;I)I> (0x000000008910bfe0) thrown at [./open/src/hotspot/share/interpreter/linkResolver.cpp, lin

Events (10 events):
Event: 1.307 loading class java/text/MessageFormat done
Event: 1.307 loading class java/util/Locale$Category
Event: 1.307 loading class java/util/Locale$Category done
Event: 1.307 loading class java/util/Locale$1
Event: 1.307 loading class java/util/Locale$1 done
Event: 1.307 loading class java/text/FieldPosition
Event: 1.307 loading class java/text/FieldPosition done
Event: 1.308 loading class java/math/BigInteger
Event: 1.308 loading class java/math/BigInteger done
Event: 1.309 loading class java/math/BigDecimal


Dynamic libraries:
0x00007ff7db520000 - 0x00007ff7db52f000 	C:\Program Files\Java\jdk-11.0.8\bin\java.exe
0x00007ffa17410000 - 0x00007ffa17605000 	C:\WINDOWS\SYSTEM32\ntdll.dll
0x00007ffa16320000 - 0x00007ffa163dd000 	C:\WINDOWS\System32\KERNEL32.DLL
0x00007ffa15020000 - 0x00007ffa152e8000 	C:\WINDOWS\System32\KERNELBASE.dll
0x00007ffa14b50000 - 0x00007ffa14c50000 	C:\WINDOWS\System32\ucrtbase.dll
0x00007ffa11960000 - 0x00007ffa11978000 	C:\Program Files\Java\jdk-11.0.8\bin\jli.dll
0x00007ffa0e200000 - 0x00007ffa0e215000 	C:\Program Files\Java\jdk-11.0.8\bin\VCRUNTIME140.dll
0x00007ffa163e0000 - 0x00007ffa1648c000 	C:\WINDOWS\System32\ADVAPI32.dll
0x00007ffa154e0000 - 0x00007ffa1557e000 	C:\WINDOWS\System32\msvcrt.dll
0x00007ffa15e00000 - 0x00007ffa15e9b000 	C:\WINDOWS\System32\sechost.dll
0x00007ffa16f30000 - 0x00007ffa1705b000 	C:\WINDOWS\System32\RPCRT4.dll
0x00007ffa17230000 - 0x00007ffa173d0000 	C:\WINDOWS\System32\USER32.dll
0x00007ffa14ff0000 - 0x00007ffa15012000 	C:\WINDOWS\System32\win32u.dll
0x00007ffa15d50000 - 0x00007ffa15d7a000 	C:\WINDOWS\System32\GDI32.dll
0x00007ffa15340000 - 0x00007ffa1544b000 	C:\WINDOWS\System32\gdi32full.dll
0x00007ffa093d0000 - 0x00007ffa0966a000 	C:\WINDOWS\WinSxS\amd64_microsoft.windows.common-controls_6595b64144ccf1df_6.0.19041.1052_none_60b8f8fd71f5e8cb\COMCTL32.dll
0x00007ffa14f50000 - 0x00007ffa14fed000 	C:\WINDOWS\System32\msvcp_win.dll
0x00007ffa0d8a0000 - 0x00007ffa0d8aa000 	C:\WINDOWS\SYSTEM32\VERSION.dll
0x00007ffa15eb0000 - 0x00007ffa15ee0000 	C:\WINDOWS\System32\IMM32.DLL
0x00007ff99f5f0000 - 0x00007ff99f68b000 	C:\Program Files\Java\jdk-11.0.8\bin\msvcp140.dll
0x00007ff995c70000 - 0x00007ff996756000 	C:\Program Files\Java\jdk-11.0.8\bin\server\jvm.dll
0x00007ffa15ea0000 - 0x00007ffa15ea8000 	C:\WINDOWS\System32\PSAPI.DLL
0x00007ffa03950000 - 0x00007ffa03959000 	C:\WINDOWS\SYSTEM32\WSOCK32.dll
0x00007ffa0bfb0000 - 0x00007ffa0bfd7000 	C:\WINDOWS\SYSTEM32\WINMM.dll
0x00007ffa16200000 - 0x00007ffa1626b000 	C:\WINDOWS\System32\WS2_32.dll
0x00007ffa129c0000 - 0x00007ffa129d2000 	C:\WINDOWS\SYSTEM32\kernel.appcore.dll
0x00007ffa0ab80000 - 0x00007ffa0ab90000 	C:\Program Files\Java\jdk-11.0.8\bin\verify.dll
0x00007ffa0ceb0000 - 0x00007ffa0d094000 	C:\WINDOWS\SYSTEM32\DBGHELP.DLL
0x00007ffa0cd40000 - 0x00007ffa0cd6c000 	C:\WINDOWS\SYSTEM32\dbgcore.DLL
0x00007ffa14c50000 - 0x00007ffa14cd3000 	C:\WINDOWS\System32\bcryptPrimitives.dll
0x00007ff9ed6b0000 - 0x00007ff9ed6d8000 	C:\Program Files\Java\jdk-11.0.8\bin\java.dll
0x00007ffa0aaf0000 - 0x00007ffa0aafa000 	C:\Program Files\Java\jdk-11.0.8\bin\jimage.dll
0x00007ffa0a3c0000 - 0x00007ffa0a3d6000 	C:\Program Files\Java\jdk-11.0.8\bin\zip.dll
0x00007ffa16510000 - 0x00007ffa16c4f000 	C:\WINDOWS\System32\SHELL32.dll
0x00007ffa12ca0000 - 0x00007ffa13430000 	C:\WINDOWS\SYSTEM32\windows.storage.dll
0x00007ffa159f0000 - 0x00007ffa15d45000 	C:\WINDOWS\System32\combase.dll
0x00007ffa145c0000 - 0x00007ffa145ec000 	C:\WINDOWS\SYSTEM32\Wldp.dll
0x00007ffa16270000 - 0x00007ffa1631e000 	C:\WINDOWS\System32\SHCORE.dll
0x00007ffa15480000 - 0x00007ffa154d5000 	C:\WINDOWS\System32\shlwapi.dll
0x00007ffa14a90000 - 0x00007ffa14aaf000 	C:\WINDOWS\SYSTEM32\profapi.dll
0x00007ffa01e40000 - 0x00007ffa01e59000 	C:\Program Files\Java\jdk-11.0.8\bin\net.dll
0x00007ffa0a230000 - 0x00007ffa0a33b000 	C:\WINDOWS\SYSTEM32\WINHTTP.dll
0x00007ffa142c0000 - 0x00007ffa1432a000 	C:\WINDOWS\system32\mswsock.dll
0x00007ff9fa2b0000 - 0x00007ff9fa2c2000 	C:\Program Files\Java\jdk-11.0.8\bin\nio.dll
0x00007ff995ad0000 - 0x00007ff995c6a000 	C:\Program Files\Java\jdk-11.0.8\bin\awt.dll
0x00007ffa16070000 - 0x00007ffa1613d000 	C:\WINDOWS\System32\OLEAUT32.dll
0x00007ffa119f0000 - 0x00007ffa11a80000 	C:\WINDOWS\SYSTEM32\apphelp.dll
0x00007ffa125b0000 - 0x00007ffa1264e000 	C:\WINDOWS\system32\uxtheme.dll
0x00007ffa17070000 - 0x00007ffa17185000 	C:\WINDOWS\System32\MSCTF.dll
0x00007ffa16e00000 - 0x00007ffa16f2a000 	C:\WINDOWS\System32\ole32.dll
0x00007ffa127b0000 - 0x00007ffa127df000 	C:\WINDOWS\system32\DWMAPI.DLL
0x00007ff995400000 - 0x00007ff995482000 	C:\Program Files\Java\jdk-11.0.8\bin\freetype.dll
0x00007ff995350000 - 0x00007ff9953f6000 	C:\Program Files\Java\jdk-11.0.8\bin\fontmanager.dll
0x00007ff9e6b70000 - 0x00007ff9e6c96000 	C:\WINDOWS\system32\opengl32.dll
0x00007ff9e6dc0000 - 0x00007ff9e6dec000 	C:\WINDOWS\SYSTEM32\GLU32.dll

dbghelp: loaded successfully - version: 4.0.5 - missing functions: none
symbol engine: initialized successfully - sym options: 0x614 - pdb path: .;C:\Program Files\Java\jdk-11.0.8\bin;C:\WINDOWS\SYSTEM32;C:\WINDOWS\WinSxS\amd64_microsoft.windows.common-controls_6595b64144ccf1df_6.0.19041.1052_none_60b8f8fd71f5e8cb;C:\Program Files\Java\jdk-11.0.8\bin\server

VM Arguments:
jvm_args: -Dfile.encoding=UTF-8 
java_command: Forms.ViewProjects
java_class_path (initial): C:\Users\NYAM\Documents\MySQLDT\mysql-connector-java-8.0.23\mysql-connector-java-8.0.23.jar;C:\Users\NYAM\Documents\MySQLDT\lib\jcalendar-1.4.jar;C:\Program Files\NetBeans-12.0\netbeans\java\modules\ext\AbsoluteLayout.jar;C:\Users\NYAM\Documents\MySQLDT\jdatechooser_bin_doc_1_1_1\lib\DateChooser.jar;C:\Users\NYAM\Documents\MySQLDT\rs2xml.jar;C:\Users\NYAM\Desktop\Year 3\Java Projects\ProjectsManagementSystem\build\classes
Launcher Type: SUN_STANDARD

[Global flags]
     intx CICompilerCount                          = 3                                         {product} {ergonomic}
     uint ConcGCThreads                            = 1                                         {product} {ergonomic}
     uint G1ConcRefinementThreads                  = 4                                         {product} {ergonomic}
   size_t G1HeapRegionSize                         = 1048576                                   {product} {ergonomic}
    uintx GCDrainStackTargetSize                   = 64                                        {product} {ergonomic}
   size_t InitialHeapSize                          = 134217728                                 {product} {ergonomic}
   size_t MarkStackSize                            = 4194304                                   {product} {ergonomic}
   size_t MaxHeapSize                              = 2116026368                                {product} {ergonomic}
   size_t MaxNewSize                               = 1268776960                                {product} {ergonomic}
   size_t MinHeapDeltaBytes                        = 1048576                                   {product} {ergonomic}
    uintx NonNMethodCodeHeapSize                   = 5830732                                {pd product} {ergonomic}
    uintx NonProfiledCodeHeapSize                  = 122913754                              {pd product} {ergonomic}
    uintx ProfiledCodeHeapSize                     = 122913754                              {pd product} {ergonomic}
    uintx ReservedCodeCacheSize                    = 251658240                              {pd product} {ergonomic}
     bool SegmentedCodeCache                       = true                                      {product} {ergonomic}
     bool UseCompressedClassPointers               = true                                 {lp64_product} {ergonomic}
     bool UseCompressedOops                        = true                                 {lp64_product} {ergonomic}
     bool UseG1GC                                  = true                                      {product} {ergonomic}
     bool UseLargePagesIndividualAllocation        = false                                  {pd product} {ergonomic}

Logging:
Log output configuration:
 #0: stdout all=warning uptime,level,tags
 #1: stderr all=off uptime,level,tags

Environment Variables:
JAVA_HOME=C:\Program Files\Java\jdk-11.0.8
CLASSPATH=C:\Users\NYAM\Documents\MySQLDT\mysql-connector-java-8.0.23
PATH=C:\Python39\Scripts\;C:\Python39\;C:\Program Files (x86)\Common Files\Oracle\Java\javapath;C:\Program Files\AdoptOpenJDK\jdk-11.0.10.9-openj9\bin;C:\Program Files (x86)\Common Files\Intel\Shared Libraries\redist\intel64\compiler;C:\Program Files\Common Files\Oracle\Java\javapath;C:\WINDOWS\system32;C:\WINDOWS;C:\WINDOWS\System32\Wbem;C:\WINDOWS\System32\WindowsPowerShell\v1.0\;C:\WINDOWS\System32\OpenSSH\;C:\Program Files\Java\jdk-11.0.8\bin;C:\Program Files (x86)\QT Lite\QTSystem;C:\Program Files (x86)\Windows Kits\8.1\Windows Performance Toolkit\;C:\Program Files\Microsoft SQL Server\110\Tools\Binn\;C:\Program Files (x86)\Microsoft SDKs\TypeScript\1.0\;C:\Program Files\Microsoft SQL Server\120\Tools\Binn\;C:\Program Files\apache-maven-3.6.3\bin;C:\Program Files\Git\cmd;C:\Program Files\nodejs\;C:\Users\NYAM\AppData\Local\Microsoft\WindowsApps;C:\Users\NYAM\AppData\Local\Programs\Microsoft VS Code\bin;C:\Program Files\JetBrains\PyCharm Community Edition 2021.1.1\bin;;C:\MinGW\bin;C:\Users\NYAM\AppData\Roaming\npm
USERNAME=NYAM
OS=Windows_NT
PROCESSOR_IDENTIFIER=Intel64 Family 6 Model 61 Stepping 4, GenuineIntel



---------------  S Y S T E M  ---------------

OS: Windows 10 , 64 bit Build 19041 (10.0.19041.1023)

CPU:total 4 (initial active 4) (2 cores per cpu, 2 threads per core) family 6 model 61 stepping 4, cmov, cx8, fxsr, mmx, sse, sse2, sse3, ssse3, sse4.1, sse4.2, popcnt, avx, avx2, aes, clmul, erms, rtm, 3dnowpref, lzcnt, ht, tsc, tscinvbit, bmi1, bmi2, adx, fma

Memory: 4k page, system-wide physical 8067M (1101M free)
TotalPageFile size 9971M (AvailPageFile size 3M)
current process WorkingSet (physical memory assigned to process): 92M, peak: 92M
current process commit charge ("private bytes"): 233M, peak: 234M

vm_info: Java HotSpot(TM) 64-Bit Server VM (11.0.8+10-LTS) for windows-amd64 JRE (11.0.8+10-LTS), built on Jun 16 2020 05:53:08 by "mach5one" with unknown MS VC++:1916

END.
